Copyright 1986-2017 Xilinx, Inc. All Rights Reserved.
--------------------------------------------------------------------------------------
| Tool Version : Vivado v.2017.4.1 (win64) Build 2117270 Tue Jan 30 15:32:00 MST 2018
| Date         : Thu Apr  5 00:43:22 2018
| Host         : JC-PC running 64-bit major release  (build 9200)
| Command      : upgrade_ip
| Device       : xc7z010clg400-1
--------------------------------------------------------------------------------------

Upgrade Log for IP 'design_1_tlv5619_driver_0_0'

1. Summary
----------

SUCCESS in the upgrade of design_1_tlv5619_driver_0_0 (xilinx.com:user:tlv5619_driver:1.0) from (Rev. 2) to (Rev. 3)






Copyright 1986-2017 Xilinx, Inc. All Rights Reserved.
--------------------------------------------------------------------------------------
| Tool Version : Vivado v.2017.4.1 (win64) Build 2117270 Tue Jan 30 15:32:00 MST 2018
| Date         : Wed Apr  4 12:15:10 2018
| Host         : JC-PC running 64-bit major release  (build 9200)
| Command      : upgrade_ip
| Device       : xc7z010clg400-1
--------------------------------------------------------------------------------------

Upgrade Log for IP 'design_1_dacdriver_0_0'

1. Summary
----------

SUCCESS in the upgrade of design_1_dacdriver_0_0 (xilinx.com:user:dacdriver:1.0) from (Rev. 5) to (Rev. 6)






Copyright 1986-2017 Xilinx, Inc. All Rights Reserved.
--------------------------------------------------------------------------------------
| Tool Version : Vivado v.2017.4.1 (win64) Build 2117270 Tue Jan 30 15:32:00 MST 2018
| Date         : Mon Apr  2 15:32:52 2018
| Host         : JC-PC running 64-bit major release  (build 9200)
| Command      : upgrade_ip
| Device       : xc7z010clg400-1
--------------------------------------------------------------------------------------

Upgrade Log for IP 'design_1_dacdriver_0_0'

1. Summary
----------

SUCCESS in the upgrade of design_1_dacdriver_0_0 (xilinx.com:user:dacdriver:1.0) from (Rev. 4) to (Rev. 5)






Copyright 1986-2017 Xilinx, Inc. All Rights Reserved.
--------------------------------------------------------------------------------------
| Tool Version : Vivado v.2017.4.1 (win64) Build 2117270 Tue Jan 30 15:32:00 MST 2018
| Date         : Mon Apr  2 14:20:23 2018
| Host         : JC-PC running 64-bit major release  (build 9200)
| Command      : upgrade_ip
| Device       : xc7z010clg400-1
--------------------------------------------------------------------------------------

Upgrade Log for IP 'design_1_dacdriver_0_0'

1. Summary
----------

SUCCESS in the upgrade of design_1_dacdriver_0_0 (xilinx.com:user:dacdriver:1.0) from (Rev. 3) to (Rev. 4)

